<?xml version="1.0" encoding="UTF-8"?>
<!-- Generated by org.testng.reporters.JUnitReportReporter -->
<testsuite skipped="0" hostname="DESKTOP-Q8G3FH7" name="mvn.ReadDataFromCommandTest" tests="1" failures="0" timestamp="15 Mar 2022 04:55:29 GMT" time="0.031" errors="0">
  <testcase name="readDataFromCommandTest" time="0.031" classname="mvn.ReadDataFromCommandTest"/>
</testsuite> <!-- mvn.ReadDataFromCommandTest -->
