<?xml version="1.0" encoding="UTF-8"?>
<!-- Generated by org.testng.reporters.JUnitReportReporter -->
<testsuite skipped="0" hostname="DESKTOP-Q8G3FH7" name="mvn.Rockstar" tests="1" failures="0" timestamp="15 Mar 2022 15:16:36 GMT" time="0.032" errors="0">
  <testcase name="rockstar" time="0.032" classname="mvn.Rockstar"/>
</testsuite> <!-- mvn.Rockstar -->
