<?xml version="1.0" encoding="UTF-8"?>
<!-- Generated by org.testng.reporters.JUnitReportReporter -->
<testsuite skipped="0" hostname="DESKTOP-Q8G3FH7" name="mvn.PracticeMavenTest" tests="1" failures="0" timestamp="15 Mar 2022 04:31:22 GMT" time="0.032" errors="0">
  <testcase name="practicemMavenTest" time="0.032" classname="mvn.PracticeMavenTest"/>
</testsuite> <!-- mvn.PracticeMavenTest -->
