<?xml version="1.0" encoding="UTF-8"?>
<!-- Generated by org.testng.reporters.JUnitReportReporter -->
<testsuite skipped="0" hostname="DESKTOP-Q8G3FH7" name="PracticeMavenTest" tests="1" failures="0" timestamp="14 Mar 2022 18:20:13 GMT" time="0.043" errors="0">
  <testcase name="practicemMavenTest" time="0.043" classname="PracticeMavenTest"/>
</testsuite> <!-- PracticeMavenTest -->
